<?xml version="1.0" encoding="UTF-8"?>
<testng-results skipped="0" failed="1" ignored="0" total="1" passed="0">
  <reporter-output>
  </reporter-output>
  <suite name="Default suite" duration-ms="19483" started-at="2020-06-19T15:41:38 IST" finished-at="2020-06-19T15:41:57 IST">
    <groups>
    </groups>
    <test name="Default test" duration-ms="19483" started-at="2020-06-19T15:41:38 IST" finished-at="2020-06-19T15:41:57 IST">
      <class name="com.bridgelabz.appium.myntratesting.testcases.AddItemTest">
        <test-method status="PASS" signature="setUp()[pri:0, instance:com.bridgelabz.appium.myntratesting.testcases.AddItemTest@2a17b7b6]" name="setUp" is-config="true" duration-ms="7666" started-at="2020-06-19T15:41:38 IST" finished-at="2020-06-19T15:41:45 IST">
          <reporter-output>
          </reporter-output>
        </test-method> <!-- setUp -->
        <test-method status="FAIL" signature="addItemTest()[pri:0, instance:com.bridgelabz.appium.myntratesting.testcases.AddItemTest@2a17b7b6]" name="addItemTest" duration-ms="10590" started-at="2020-06-19T15:41:45 IST" finished-at="2020-06-19T15:41:56 IST">
          <exception class="java.lang.IndexOutOfBoundsException">
            <message>
              <![CDATA[Index: 3, Size: 3]]>
            </message>
            <full-stacktrace>
              <![CDATA[java.lang.IndexOutOfBoundsException: Index: 3, Size: 3
at java.util.ArrayList.rangeCheck(Unknown Source)
at java.util.ArrayList.get(Unknown Source)
at com.bridgelabz.appium.myntratesting.pages.AddItem.addItem(AddItem.java:23)
at com.bridgelabz.appium.myntratesting.testcases.AddItemTest.addItemTest(AddItemTest.java:22)
at sun.reflect.NativeMethodAccessorImpl.invoke0(Native Method)
at sun.reflect.NativeMethodAccessorImpl.invoke(Unknown Source)
at sun.reflect.DelegatingMethodAccessorImpl.invoke(Unknown Source)
at java.lang.reflect.Method.invoke(Unknown Source)
at org.testng.internal.MethodInvocationHelper.invokeMethod(MethodInvocationHelper.java:133)
at org.testng.internal.TestInvoker.invokeMethod(TestInvoker.java:584)
at org.testng.internal.TestInvoker.invokeTestMethod(TestInvoker.java:172)
at org.testng.internal.MethodRunner.runInSequence(MethodRunner.java:46)
at org.testng.internal.TestInvoker$MethodInvocationAgent.invoke(TestInvoker.java:804)
at org.testng.internal.TestInvoker.invokeTestMethods(TestInvoker.java:145)
at org.testng.internal.TestMethodWorker.invokeTestMethods(TestMethodWorker.java:146)
at org.testng.internal.TestMethodWorker.run(TestMethodWorker.java:128)
at java.util.ArrayList.forEach(Unknown Source)
at org.testng.TestRunner.privateRun(TestRunner.java:770)
at org.testng.TestRunner.run(TestRunner.java:591)
at org.testng.SuiteRunner.runTest(SuiteRunner.java:402)
at org.testng.SuiteRunner.runSequentially(SuiteRunner.java:396)
at org.testng.SuiteRunner.privateRun(SuiteRunner.java:355)
at org.testng.SuiteRunner.run(SuiteRunner.java:304)
at org.testng.SuiteRunnerWorker.runSuite(SuiteRunnerWorker.java:53)
at org.testng.SuiteRunnerWorker.run(SuiteRunnerWorker.java:96)
at org.testng.TestNG.runSuitesSequentially(TestNG.java:1180)
at org.testng.TestNG.runSuitesLocally(TestNG.java:1102)
at org.testng.TestNG.runSuites(TestNG.java:1032)
at org.testng.TestNG.run(TestNG.java:1000)
at org.testng.remote.AbstractRemoteTestNG.run(AbstractRemoteTestNG.java:115)
at org.testng.remote.RemoteTestNG.initAndRun(RemoteTestNG.java:251)
at org.testng.remote.RemoteTestNG.main(RemoteTestNG.java:77)
]]>
            </full-stacktrace>
          </exception> <!-- java.lang.IndexOutOfBoundsException -->
          <reporter-output>
          </reporter-output>
        </test-method> <!-- addItemTest -->
        <test-method status="PASS" signature="tearDown()[pri:0, instance:com.bridgelabz.appium.myntratesting.testcases.AddItemTest@2a17b7b6]" name="tearDown" is-config="true" duration-ms="1136" started-at="2020-06-19T15:41:56 IST" finished-at="2020-06-19T15:41:57 IST">
          <reporter-output>
          </reporter-output>
        </test-method> <!-- tearDown -->
      </class> <!-- com.bridgelabz.appium.myntratesting.testcases.AddItemTest -->
    </test> <!-- Default test -->
  </suite> <!-- Default suite -->
</testng-results>
